<?xml version="1.0" encoding="UTF-8"?>
<!-- Generated by org.testng.reporters.JUnitXMLReporter -->
<testsuite hostname="bartoszpieczara-OptiPlex-7020" name="Command line test" tests="81" failures="0" timestamp="20 Nov 2017 18:22:57 GMT" time="0.082" errors="0">
  <testcase name="testClearBoard" time="0.005" classname="gameManagement.BoardTest"/>
  <testcase name="testClearBoard" time="0.0" classname="gameManagement.BoardTest"/>
  <testcase name="testClearBoard" time="0.001" classname="gameManagement.BoardTest"/>
  <testcase name="testClearBoard" time="0.0" classname="gameManagement.BoardTest"/>
  <testcase name="testClearBoard" time="0.0" classname="gameManagement.BoardTest"/>
  <testcase name="testClearBoard" time="0.0" classname="gameManagement.BoardTest"/>
  <testcase name="testClearBoard" time="0.0" classname="gameManagement.BoardTest"/>
  <testcase name="testClearBoard" time="0.0" classname="gameManagement.BoardTest"/>
  <testcase name="testClearBoard" time="0.0" classname="gameManagement.BoardTest"/>
  <testcase name="testClearBoard" time="0.0" classname="gameManagement.BoardTest"/>
  <testcase name="testClearBoard" time="0.0" classname="gameManagement.BoardTest"/>
  <testcase name="testClearBoard" time="0.0" classname="gameManagement.BoardTest"/>
  <testcase name="testClearBoard" time="0.0" classname="gameManagement.BoardTest"/>
  <testcase name="testClearBoard" time="0.0" classname="gameManagement.BoardTest"/>
  <testcase name="testClearBoard" time="0.0" classname="gameManagement.BoardTest"/>
  <testcase name="testClearBoard" time="0.0" classname="gameManagement.BoardTest"/>
  <testcase name="testMarkTile" time="0.0" classname="gameManagement.BoardTest"/>
  <testcase name="testMarkTile" time="0.001" classname="gameManagement.BoardTest"/>
  <testcase name="testMarkTile" time="0.0" classname="gameManagement.BoardTest"/>
  <testcase name="testMarkTile" time="0.0" classname="gameManagement.BoardTest"/>
  <testcase name="testMarkTile" time="0.0" classname="gameManagement.BoardTest"/>
  <testcase name="testMarkTile" time="0.0" classname="gameManagement.BoardTest"/>
  <testcase name="testMarkTile" time="0.0" classname="gameManagement.BoardTest"/>
  <testcase name="testMarkTile" time="0.0" classname="gameManagement.BoardTest"/>
  <testcase name="testMarkTile" time="0.0" classname="gameManagement.BoardTest"/>
  <testcase name="testMarkTile" time="0.0" classname="gameManagement.BoardTest"/>
  <testcase name="testMarkTile" time="0.0" classname="gameManagement.BoardTest"/>
  <testcase name="testMarkTile" time="0.0" classname="gameManagement.BoardTest"/>
  <testcase name="testMarkTile" time="0.0" classname="gameManagement.BoardTest"/>
  <testcase name="testMarkTile" time="0.0" classname="gameManagement.BoardTest"/>
  <testcase name="testMarkTile" time="0.0" classname="gameManagement.BoardTest"/>
  <testcase name="testMarkTile" time="0.001" classname="gameManagement.BoardTest"/>
  <testcase name="testPopulateTheBoard" time="0.0" classname="gameManagement.BoardTest"/>
  <testcase name="testPopulateTheBoard" time="0.001" classname="gameManagement.BoardTest"/>
  <testcase name="testPopulateTheBoard" time="0.0" classname="gameManagement.BoardTest"/>
  <testcase name="testPopulateTheBoard" time="0.0" classname="gameManagement.BoardTest"/>
  <testcase name="testPopulateTheBoard" time="0.0" classname="gameManagement.BoardTest"/>
  <testcase name="testPopulateTheBoard" time="0.0" classname="gameManagement.BoardTest"/>
  <testcase name="testPopulateTheBoard" time="0.0" classname="gameManagement.BoardTest"/>
  <testcase name="testPopulateTheBoard" time="0.0" classname="gameManagement.BoardTest"/>
  <testcase name="testPopulateTheBoard" time="0.0" classname="gameManagement.BoardTest"/>
  <testcase name="testPopulateTheBoard" time="0.0" classname="gameManagement.BoardTest"/>
  <testcase name="testPopulateTheBoard" time="0.0" classname="gameManagement.BoardTest"/>
  <testcase name="testPopulateTheBoard" time="0.0" classname="gameManagement.BoardTest"/>
  <testcase name="testPopulateTheBoard" time="0.0" classname="gameManagement.BoardTest"/>
  <testcase name="testPopulateTheBoard" time="0.0" classname="gameManagement.BoardTest"/>
  <testcase name="testPopulateTheBoard" time="0.001" classname="gameManagement.BoardTest"/>
  <testcase name="testPopulateTheBoard" time="0.0" classname="gameManagement.BoardTest"/>
  <testcase name="testCheckIfTileTaken" time="0.0" classname="gameManagement.validation.InputValidatorTest"/>
  <testcase name="testValidateAdjacentSignsToWin" time="0.041" classname="gameManagement.validation.InputValidatorTest"/>
  <testcase name="testValidateBoardDimensions" time="0.0" classname="gameManagement.validation.InputValidatorTest"/>
  <testcase name="testValidateMove" time="0.0" classname="gameManagement.validation.InputValidatorTest"/>
  <testcase name="testValidateMove" time="0.0" classname="gameManagement.validation.InputValidatorTest"/>
  <testcase name="testValidateMove" time="0.001" classname="gameManagement.validation.InputValidatorTest"/>
  <testcase name="testValidateMove" time="0.0" classname="gameManagement.validation.InputValidatorTest"/>
  <testcase name="testValidateMove" time="0.0" classname="gameManagement.validation.InputValidatorTest"/>
  <testcase name="testValidateMove" time="0.0" classname="gameManagement.validation.InputValidatorTest"/>
  <testcase name="testValidatePlayerNameFalse" time="0.0" classname="gameManagement.validation.InputValidatorTest"/>
  <testcase name="testValidatePlayerNameFalse" time="0.0" classname="gameManagement.validation.InputValidatorTest"/>
  <testcase name="testValidatePlayerNameFalse" time="0.001" classname="gameManagement.validation.InputValidatorTest"/>
  <testcase name="testValidatePlayerNameFalse" time="0.0" classname="gameManagement.validation.InputValidatorTest"/>
  <testcase name="testValidatePlayerNameFalse" time="0.0" classname="gameManagement.validation.InputValidatorTest"/>
  <testcase name="testValidatePlayerNameFalse" time="0.0" classname="gameManagement.validation.InputValidatorTest"/>
  <testcase name="testValidatePlayerNameFalse" time="0.001" classname="gameManagement.validation.InputValidatorTest"/>
  <testcase name="testValidatePlayerNameFalse" time="0.0" classname="gameManagement.validation.InputValidatorTest"/>
  <testcase name="testValidatePlayerNameFalse" time="0.0" classname="gameManagement.validation.InputValidatorTest"/>
  <testcase name="testValidatePlayerNameFalse" time="0.0" classname="gameManagement.validation.InputValidatorTest"/>
  <testcase name="testValidatePlayerNameFalse" time="0.0" classname="gameManagement.validation.InputValidatorTest"/>
  <testcase name="testValidatePlayerNameTrue" time="0.0" classname="gameManagement.validation.InputValidatorTest"/>
  <testcase name="testValidatePlayerNameTrue" time="0.0" classname="gameManagement.validation.InputValidatorTest"/>
  <testcase name="testValidatePlayerNameTrue" time="0.001" classname="gameManagement.validation.InputValidatorTest"/>
  <testcase name="testValidatePlayerNameTrue" time="0.0" classname="gameManagement.validation.InputValidatorTest"/>
  <testcase name="testValidatePlayerNameTrue" time="0.0" classname="gameManagement.validation.InputValidatorTest"/>
  <testcase name="testValidatePlayerNameTrue" time="0.0" classname="gameManagement.validation.InputValidatorTest"/>
  <testcase name="testCreateMove" time="0.0" classname="gameManagement.moveManagement.MoveFactoryTest"/>
  <testcase name="testAddToArchive" time="0.0" classname="gameManagement.moveManagement.MoveHistoryTest"/>
  <testcase name="testCheckDiagonal" time="0.0" classname="gameManagement.RefereeTest"/>
  <testcase name="testCheckDiagonal2" time="0.0" classname="gameManagement.RefereeTest"/>
  <testcase name="testCheckIfDraw" time="0.0" classname="gameManagement.RefereeTest"/>
  <testcase name="testCheckIfWonHorizontally" time="0.0" classname="gameManagement.RefereeTest"/>
  <testcase name="testCheckIfWonVertically" time="0.0" classname="gameManagement.RefereeTest"/>
</testsuite> <!-- Command line test -->
